"../../../Engine/Content/Animation/DefaultAnimCurveCompressionSettings.uasset" 0
"../../../Engine/Content/ArtTools/RenderToTexture/Enums/RenderToTexture_Enum.uasset" 1
"../../../Engine/Content/ArtTools/RenderToTexture/Enums/RenderToTexture_Flipbook_Enum.uasset" 2
"../../../Engine/Content/ArtTools/RenderToTexture/Enums/RenderToTexture_Imposter_Enum.uasset" 3
"../../../Engine/Content/EditorBlueprintResources/StandardMacros.uasset" 4
"../../../Engine/Content/ArtTools/RenderToTexture/Enums/EIntTypes.uasset" 5
"../../../Engine/Content/ArtTools/RenderToTexture/Macros/RenderToTextureFunctionLibrary.uasset" 6
"../../../Engine/Content/ArtTools/RenderToTexture/Enums/EFloatTypes.uasset" 7
"../../../Engine/Content/ArtTools/RenderToTexture/Macros/RenderToTextureMacros.uasset" 8
"../../../Engine/Content/Functions/Engine_MaterialFunctions01/Opacity/CameraDepthFade.uasset" 9
"../../../Engine/Content/EngineMaterials/T_Default_Material_Grid_M.uasset" 10
"../../../Engine/Content/EngineMaterials/T_Default_Material_Grid_N.uasset" 11
"../../../Engine/Content/EngineMaterials/WorldGridMaterial.uasset" 12
"../../../Engine/Content/ArtTools/RenderToTexture/Meshes/S_1_Unit_Plane.uasset" 13
"../../../Engine/Content/EngineMaterials/DefaultMaterial.uasset" 14
"../../../Engine/Content/BasicShapes/Cone.uasset" 15
"../../../Engine/Content/BasicShapes/Cube.uasset" 16
"../../../Engine/Content/BasicShapes/Cylinder.uasset" 17
"../../../Engine/Content/BasicShapes/Plane.uasset" 18
"../../../Engine/Content/BasicShapes/Sphere.uasset" 19
"../../../Engine/Content/EngineMaterials/DefaultPhysicalMaterial.uasset" 20
"../../../Engine/Content/BufferVisualization/AmbientOcclusion.uasset" 21
"../../../Engine/Content/BufferVisualization/BaseColor.uasset" 22
"../../../Engine/Content/BufferVisualization/CustomDepth.uasset" 23
"../../../Engine/Content/Functions/Engine_MaterialFunctions02/Utility/VectorLength.uasset" 24
"../../../Engine/Content/BufferVisualization/CustomDepthWorldUnits.uasset" 25
"../../../Engine/Content/Functions/Engine_MaterialFunctions02/Utility/BreakOutFloat2Components.uasset" 26
"../../../Engine/Content/Functions/Engine_MaterialFunctions01/Texturing/ScaleUVsByCenter.uasset" 27
"../../../Engine/Content/Functions/Engine_MaterialFunctions02/ScreenResolution.uasset" 28
"../../../Engine/Content/Functions/Engine_MaterialFunctions02/Texturing/ScreenAlignedUVs.uasset" 29
"../../../Engine/Content/Functions/Engine_MaterialFunctions02/Utility/MakeFloat2.uasset" 30
"../../../Engine/Content/Functions/Engine_MaterialFunctions02/Utility/MakeFloat3.uasset" 31
"../../../Engine/Content/EngineMaterials/MiniFont.uasset" 32
"../../../Engine/Content/BufferVisualization/CustomStencil.uasset" 33
"../../../Engine/Content/BufferVisualization/FinalImage.uasset" 34
"../../../Engine/Content/BufferVisualization/LightingModel.uasset" 35
"../../../Engine/Content/BufferVisualization/MaterialAO.uasset" 36
"../../../Engine/Content/BufferVisualization/Metallic.uasset" 37
"../../../Engine/Content/BufferVisualization/Opacity.uasset" 38
"../../../Engine/Content/BufferVisualization/PostTonemapHDRColor.uasset" 39
"../../../Engine/Content/BufferVisualization/PreTonemapHDRColor.uasset" 40
"../../../Engine/Content/BufferVisualization/Roughness.uasset" 41
"../../../Engine/Content/BufferVisualization/SceneColor.uasset" 42
"../../../Engine/Content/BufferVisualization/SceneDepth.uasset" 43
"../../../Engine/Content/BufferVisualization/SceneDepthWorldUnits.uasset" 44
"../../../Engine/Content/BufferVisualization/SeparateTranslucencyA.uasset" 45
"../../../Engine/Content/BufferVisualization/SeparateTranslucencyRGB.uasset" 46
"../../../Engine/Content/BufferVisualization/Specular.uasset" 47
"../../../Engine/Content/BufferVisualization/SubsurfaceColor.uasset" 48
"../../../Engine/Content/BufferVisualization/Velocity.uasset" 49
"../../../Engine/Content/BufferVisualization/WorldNormal.uasset" 50
"../../../Engine/Content/EditorBlueprintResources/ActorMacros.uasset" 51
"../../../Engine/Content/EditorLandscapeResources/DataLayer.uasset" 52
"../../../Engine/Content/EditorLandscapeResources/DefaultAlphaTexture.uasset" 53
"../../../Engine/Content/EditorLandscapeResources/LandscapeGizmoHeight_Mat.uasset" 54
"../../../Engine/Content/EditorLandscapeResources/LandscapeGizmo_Mat.uasset" 55
"../../../Engine/Content/EditorLandscapeResources/LandscapeGizmo_Mat_Copied.uasset" 56
"../../../Engine/Content/EditorLandscapeResources/SplineEditorMeshMat.uasset" 57
"../../../Engine/Content/EditorLandscapeResources/SplineEditorMesh.uasset" 58
"../../../Engine/Content/EditorMaterials/Cross.uasset" 59
"../../../Engine/Content/EditorMaterials/Cross_Mat.uasset" 60
"../../../Engine/Content/EngineMaterials/DefaultDiffuse.uasset" 61
"../../../Engine/Content/Functions/Engine_MaterialFunctions01/Texturing/TextureCropping.uasset" 62
"../../../Engine/Content/Functions/Engine_MaterialFunctions01/Texturing/ComputeMipLevel.uasset" 63
"../../../Engine/Content/Functions/Engine_MaterialFunctions02/ExampleContent/DebugNumberStrip.uasset" 64
"../../../Engine/Content/Functions/Engine_MaterialFunctions02/ExampleContent/Textures/DebugNumberPeriod.uasset" 65
"../../../Engine/Content/Functions/Engine_MaterialFunctions02/Utility/DebugScalarValues.uasset" 66
"../../../Engine/Content/Functions/Engine_MaterialFunctions02/Utility/DebugFloat2Values.uasset" 67
"../../../Engine/Content/Functions/Engine_MaterialFunctions02/ExampleContent/Textures/flipbook.uasset" 68
"../../../Engine/Content/Functions/Engine_MaterialFunctions02/Texturing/FlipBook.uasset" 69
"../../../Engine/Content/Functions/Engine_MaterialFunctions02/Utility/Sign.uasset" 70
"../../../Engine/Content/Functions/Engine_MaterialFunctions02/Utility/Round.uasset" 71
"../../../Engine/Content/EditorResources/T_EditorHelp.uasset" 72
"../../../Engine/Content/EditorMaterials/HelpActorMaterial.uasset" 73
"../../../Engine/Content/EditorMaterials/CompositeARGBLayer.uasset" 74
"../../../Engine/Content/EditorMaterials/TilingAALineIntegral.uasset" 75
"../../../Engine/Content/EditorMaterials/TilingAALineBoxFiltered.uasset" 76
"../../../Engine/Content/Functions/Engine_MaterialFunctions03/Procedurals/ComputeFilterWidth.uasset" 77
"../../../Engine/Content/EditorMaterials/TilingAADots.uasset" 78
"../../../Engine/Content/EngineMaterials/BlendFunc_DefBase.uasset" 79
"../../../Engine/Content/EngineMaterials/BlendFunc_DefBlend.uasset" 80
"../../../Engine/Content/Functions/Engine_MaterialFunctions03/Blends/Blend_Screen.uasset" 81
"../../../Engine/Content/EditorMaterials/TilingAAGrid.uasset" 82
"../../../Engine/Content/EditorMaterials/LevelGridMaterial.uasset" 83
"../../../Engine/Content/EditorMaterials/MakeCompositeARGBLayer.uasset" 84
"../../../Engine/Content/EditorResources/LevelGrid1DStripes.uasset" 85
"../../../Engine/Content/EditorMaterials/TextureGridCascaded1D.uasset" 86
"../../../Engine/Content/EditorMaterials/TextureGridCascaded2D.uasset" 87
"../../../Engine/Content/EditorMaterials/LevelGridMaterial2.uasset" 88
"../../../Engine/Content/EditorMaterials/MAT_Groups_Toggle.uasset" 89
"../../../Engine/Content/EditorMaterials/MAT_Groups_Visibility.uasset" 90
"../../../Engine/Content/EditorMaterials/AntialiasedGridFloor.uasset" 91
"../../../Engine/Content/EditorResources/TilePatine_D.uasset" 92
"../../../Engine/Content/EditorResources/TilePatine_N.uasset" 93
"../../../Engine/Content/EngineMaterials/Grid.uasset" 94
"../../../Engine/Content/EditorMaterials/PersonaFloorMat.uasset" 95
"../../../Engine/Content/EditorMaterials/PhAT_BoneSelectedMaterial.uasset" 96
"../../../Engine/Content/EditorMaterials/PhAT_ElemSelectedMaterial.uasset" 97
"../../../Engine/Content/EditorMaterials/PhAT_NoCollisionMaterial.uasset" 98
"../../../Engine/Content/EditorMaterials/PhAT_UnselectedMaterial.uasset" 99
"../../../Engine/Content/EditorMaterials/PreviewShadowIndicator.uasset" 100
"../../../Engine/Content/EditorMaterials/PreviewShadowIndicatorMaterial.uasset" 101
"../../../Engine/Content/EditorMaterials/TargetIcon.uasset" 102
"../../../Engine/Content/EditorMaterials/Tick.uasset" 103
"../../../Engine/Content/EditorMaterials/Tick_Mat.uasset" 104
"../../../Engine/Content/EditorMaterials/WidgetGridVertexColorMaterial.uasset" 105
"../../../Engine/Content/EditorMaterials/WidgetGridVertexColorMaterial_Ma.uasset" 106
"../../../Engine/Content/EditorMaterials/WidgetMaterial.uasset" 107
"../../../Engine/Content/EditorMaterials/WidgetMaterial_Current.uasset" 108
"../../../Engine/Content/EditorMaterials/WidgetMaterial_X.uasset" 109
"../../../Engine/Content/EditorMaterials/WidgetMaterial_Y.uasset" 110
"../../../Engine/Content/EditorMaterials/WidgetMaterial_Z.uasset" 111
"../../../Engine/Content/EditorMaterials/WidgetVertexColorMaterial.uasset" 112
"../../../Engine/Content/EditorMaterials/MatineeGroups/MAT_ColorTrack.uasset" 113
"../../../Engine/Content/EditorMaterials/MatineeGroups/MAT_Groups_Anim.uasset" 114
"../../../Engine/Content/EditorMaterials/MatineeGroups/MAT_Groups_AudioMaster.uasset" 115
"../../../Engine/Content/EditorMaterials/MatineeGroups/MAT_Groups_Director.uasset" 116
"../../../Engine/Content/EditorMaterials/MatineeGroups/MAT_Groups_Event.uasset" 117
"../../../Engine/Content/EditorMaterials/MatineeGroups/MAT_Groups_Fade.uasset" 118
"../../../Engine/Content/EditorMaterials/MatineeGroups/MAT_Groups_Float.uasset" 119
"../../../Engine/Content/EditorMaterials/MatineeGroups/MAT_Groups_Move.uasset" 120
"../../../Engine/Content/EditorMaterials/MatineeGroups/MAT_Groups_Slomo.uasset" 121
"../../../Engine/Content/EditorMaterials/MatineeGroups/MAT_Groups_Sound.uasset" 122
"../../../Engine/Content/EditorMaterials/MatineeGroups/MAT_Groups_Vector.uasset" 123
"../../../Engine/Content/EditorMaterials/ParticleSystems/PSysThumbnail_NoImage.uasset" 124
"../../../Engine/Content/EditorMaterials/ParticleSystems/PSysThumbnail_OOD.uasset" 125
"../../../Engine/Content/EditorMaterials/Thumbnails/FloorPlaneMaterial.uasset" 126
"../../../Engine/Content/EditorMeshes/EditorCube.uasset" 127
"../../../Engine/Content/EditorMeshes/EditorCylinder.uasset" 128
"../../../Engine/Content/EditorMeshes/EditorPlane.uasset" 129
"../../../Engine/Content/EditorMaterials/Thumbnails/SkySphereMaterial.uasset" 130
"../../../Engine/Content/EditorMeshes/EditorSkySphere.uasset" 131
"../../../Engine/Content/EditorMeshes/EditorSphere.uasset" 132
"../../../Engine/Content/EditorResources/MatineeCam_D.uasset" 133
"../../../Engine/Content/EditorMaterials/MatineeCam_mat.uasset" 134
"../../../Engine/Content/EditorMeshes/MatineeCam_SM.uasset" 135
"../../../Engine/Content/Functions/Engine_MaterialFunctions01/Shading/ConvertFromDiffSpec.uasset" 136
"../../../Engine/Content/EditorMaterials/GridMaterial.uasset" 137
"../../../Engine/Content/EditorMeshes/PhAT_FloorBox.uasset" 138
"../../../Engine/Content/EditorMeshes/PlanarReflectionPlane.uasset" 139
"../../../Engine/Content/EditorMaterials/Camera/CineMat.uasset" 140
"../../../Engine/Content/EditorMaterials/Camera/MI_CineMat_CameraBody.uasset" 141
"../../../Engine/Content/EngineDebugMaterials/M_SimpleOpaque.uasset" 142
"../../../Engine/Content/EditorMaterials/Camera/MI_CineMat_CamViewFinder.uasset" 143
"../../../Engine/Content/EditorMeshes/Camera/SM_CineCam.uasset" 144
"../../../Engine/Content/EditorMaterials/Camera/MI_CineMat_Rig.uasset" 145
"../../../Engine/Content/EditorMeshes/Camera/SM_CraneRig_Arm.uasset" 146
"../../../Engine/Content/EditorMeshes/Camera/SM_CraneRig_Base.uasset" 147
"../../../Engine/Content/EditorMeshes/Camera/SM_CraneRig_Body.uasset" 148
"../../../Engine/Content/EditorMeshes/Camera/SM_CraneRig_Mount.uasset" 149
"../../../Engine/Content/EditorMeshes/Camera/SM_RailRig_Mount.uasset" 150
"../../../Engine/Content/EditorMeshes/Camera/SM_RailRig_Track.uasset" 151
"../../../Engine/Content/EditorMeshes/ColorCalibrator/M_ChromeBall.uasset" 152
"../../../Engine/Content/EditorResources/Bad.uasset" 153
"../../../Engine/Content/EditorResources/BSPVertex.uasset" 154
"../../../Engine/Content/EditorResources/EmptyActor.uasset" 155
"../../../Engine/Content/EditorResources/MatInstActSprite.uasset" 156
"../../../Engine/Content/EditorResources/SceneManager.uasset" 157
"../../../Engine/Content/EditorResources/SmallFont.uasset" 158
"../../../Engine/Content/EditorResources/S_Actor.uasset" 159
"../../../Engine/Content/EditorResources/S_DecalActorIcon.uasset" 160
"../../../Engine/Content/EditorResources/S_Emitter.uasset" 161
"../../../Engine/Content/EditorResources/S_ExpoHeightFog.uasset" 162
"../../../Engine/Content/EditorResources/S_FTest.uasset" 163
"../../../Engine/Content/EditorResources/S_KBSJoint.uasset" 164
"../../../Engine/Content/EditorResources/S_KHinge.uasset" 165
"../../../Engine/Content/EditorResources/S_KPrismatic.uasset" 166
"../../../Engine/Content/EditorResources/S_LevelSequence.uasset" 167
"../../../Engine/Content/EditorResources/S_NavP.uasset" 168
"../../../Engine/Content/EditorResources/S_Note.uasset" 169
"../../../Engine/Content/EditorResources/S_Player.uasset" 170
"../../../Engine/Content/EditorResources/S_PortalActorIcon2.uasset" 171
"../../../Engine/Content/EditorResources/S_RadForce.uasset" 172
"../../../Engine/Content/EditorResources/S_ReflActorIcon.uasset" 173
"../../../Engine/Content/EditorResources/S_SkyAtmosphere.uasset" 174
"../../../Engine/Content/EditorResources/S_Solver.uasset" 175
"../../../Engine/Content/EditorResources/S_Terrain.uasset" 176
"../../../Engine/Content/EditorResources/S_TextRenderActorIcon.uasset" 177
"../../../Engine/Content/EditorResources/S_Thruster.uasset" 178
"../../../Engine/Content/EditorResources/S_Trigger.uasset" 179
"../../../Engine/Content/EditorResources/S_VectorFieldVol.uasset" 180
"../../../Engine/Content/EditorResources/S_WindDirectional.uasset" 181
"../../../Engine/Content/EditorResources/AI/S_NavLink.uasset" 182
"../../../Engine/Content/EditorResources/LightIcons/SkyLight.uasset" 183
"../../../Engine/Content/EditorResources/LightIcons/S_LightDirectional.uasset" 184
"../../../Engine/Content/EditorResources/LightIcons/S_LightDirectionalMove.uasset" 185
"../../../Engine/Content/EditorResources/LightIcons/S_LightError.uasset" 186
"../../../Engine/Content/EditorResources/LightIcons/S_LightPoint.uasset" 187
"../../../Engine/Content/EditorResources/LightIcons/S_LightPointMove.uasset" 188
"../../../Engine/Content/EditorResources/LightIcons/S_LightSpot.uasset" 189
"../../../Engine/Content/EditorResources/LightIcons/S_LightSpotMove.uasset" 190
"../../../Engine/Content/EditorResources/SequenceRecorder/Countdown.uasset" 191
"../../../Engine/Content/EditorResources/SequenceRecorder/RecordingIndicator.uasset" 192
"../../../Engine/Content/EditorResources/Spline/T_Loft_Spline.uasset" 193
"../../../Engine/Content/EditorSounds/Notifications/CompileFailed.uasset" 194
"../../../Engine/Content/EditorSounds/Notifications/CompileFailed_Cue.uasset" 195
"../../../Engine/Content/EditorSounds/Notifications/CompileSuccess.uasset" 196
"../../../Engine/Content/EditorSounds/Notifications/CompileStart_Cue.uasset" 197
"../../../Engine/Content/EditorSounds/Notifications/CompileSuccess_Cue.uasset" 198
"../../../Engine/Content/EngineDamageTypes/DmgTypeBP_Environmental.uasset" 199
"../../../Engine/Content/EngineDebugMaterials/HeatmapGradient.uasset" 200
"../../../Engine/Content/EngineDebugMaterials/BoneWeightMaterial.uasset" 201
"../../../Engine/Content/EngineDebugMaterials/ClothMaterial.uasset" 202
"../../../Engine/Content/EngineDebugMaterials/ClothMaterial_WF.uasset" 203
"../../../Engine/Content/EngineDebugMaterials/DebugEditorMaterial.uasset" 204
"../../../Engine/Content/EngineDebugMaterials/DebugMeshMaterial.uasset" 205
"../../../Engine/Content/EngineDebugMaterials/GeomMaterial.uasset" 206
"../../../Engine/Content/EngineDebugMaterials/LevelColorationLitMaterial.uasset" 207
"../../../Engine/Content/EngineDebugMaterials/LevelColorationUnlitMaterial.uasset" 208
"../../../Engine/Content/EngineMaterials/DefaultWhiteGrid.uasset" 209
"../../../Engine/Content/EngineDebugMaterials/MAT_LevelColorationLitLightmapUV.uasset" 210
"../../../Engine/Content/EngineDebugMaterials/M_SimpleTranslucent.uasset" 211
"../../../Engine/Content/Functions/Engine_MaterialFunctions02/Utility/CameraDirectionVector.uasset" 212
"../../../Engine/Content/EngineDebugMaterials/VolumeToRender.uasset" 213
"../../../Engine/Content/EngineDebugMaterials/M_VolumeRenderSphereTracePP.uasset" 214
"../../../Engine/Content/EngineDebugMaterials/ShadedLevelColorationLitMaterial.uasset" 215
"../../../Engine/Content/EngineDebugMaterials/ShadedLevelColorationUnlitMateri.uasset" 216
"../../../Engine/Content/EngineDebugMaterials/VertexColorMaterial.uasset" 217
"../../../Engine/Content/EngineDebugMaterials/VertexColorViewMode_AlphaAsColor.uasset" 218
"../../../Engine/Content/EngineDebugMaterials/VertexColorViewMode_BlueOnly.uasset" 219
"../../../Engine/Content/EngineDebugMaterials/VertexColorViewMode_ColorOnly.uasset" 220
"../../../Engine/Content/EngineDebugMaterials/VertexColorViewMode_GreenOnly.uasset" 221
"../../../Engine/Content/EngineDebugMaterials/VertexColorViewMode_RedOnly.uasset" 222
"../../../Engine/Content/EngineDebugMaterials/WireframeMaterial.uasset" 223
"../../../Engine/Content/EngineFonts/Faces/DroidSansFallback.uasset" 224
"../../../Engine/Content/EngineFonts/Faces/RobotoTiny.uasset" 225
"../../../Engine/Content/EngineFonts/RobotoTiny.uasset" 226
"../../../Engine/Content/EngineFonts/SmallFont.uasset" 227
"../../../Engine/Content/EngineFonts/TinyFont.uasset" 228
"../../../Engine/Content/EngineMaterials/BaseFlattenDiffuseMap.uasset" 229
"../../../Engine/Content/EngineMaterials/BaseFlattenEmissiveMap.uasset" 230
"../../../Engine/Content/EngineMaterials/BaseFlattenGrayscaleMap.uasset" 231
"../../../Engine/Content/EngineMaterials/BaseFlattenNormalMap.uasset" 232
"../../../Engine/Content/EngineMaterials/BaseFlattenMaterial.uasset" 233
"../../../Engine/Content/EngineResources/WhiteSquareTexture.uasset" 234
"../../../Engine/Content/EngineMaterials/BlinkingCaret.uasset" 235
"../../../Engine/Content/EngineMaterials/BlueNoise.uasset" 236
"../../../Engine/Content/EngineMaterials/DefaultBloomKernel.uasset" 237
"../../../Engine/Content/EngineMaterials/DefaultBokeh.uasset" 238
"../../../Engine/Content/EngineMaterials/DefaultDeferredDecalMaterial.uasset" 239
"../../../Engine/Content/EngineMaterials/DefaultLightFunctionMaterial.uasset" 240
"../../../Engine/Content/EngineMaterials/DefaultNormal.uasset" 241
"../../../Engine/Content/EngineMaterials/DefaultPostProcessMaterial.uasset" 242
"../../../Engine/Content/EngineFonts/RobotoDistanceField.uasset" 243
"../../../Engine/Content/EngineMaterials/DefaultTextMaterialOpaque.uasset" 244
"../../../Engine/Content/EngineMaterials/DefaultVirtualTextureMaterial.uasset" 245
"../../../Engine/Content/EngineMaterials/EditorBrushMaterial.uasset" 246
"../../../Engine/Content/EngineMaterials/DefaultWhiteGrid_Low.uasset" 247
"../../../Engine/Content/EngineMaterials/EmissiveMeshMaterial.uasset" 248
"../../../Engine/Content/EngineMaterials/GizmoMaterial.uasset" 249
"../../../Engine/Content/EngineMaterials/Good64x64TilingNoiseHighFreq.uasset" 250
"../../../Engine/Content/EngineMaterials/Grid_N.uasset" 251
"../../../Engine/Content/EngineMaterials/HairColorMap.uasset" 252
"../../../Engine/Content/EngineMaterials/HairDebugColor.uasset" 253
"../../../Engine/Content/EngineMaterials/HairDebugMaterial.uasset" 254
"../../../Engine/Content/EngineMaterials/HairDefaultMaterial.uasset" 255
"../../../Engine/Content/EngineMaterials/HighResolutionScreenshotMaskFunction.uasset" 256
"../../../Engine/Content/EngineMaterials/HighResScreenshot.uasset" 257
"../../../Engine/Content/EngineMaterials/HighResScreenshotCaptureRegion.uasset" 258
"../../../Engine/Content/EngineMaterials/HighResScreenshotMask.uasset" 259
"../../../Engine/Content/EngineMaterials/LandscapeHolePhysicalMaterial.uasset" 260
"../../../Engine/Content/EngineMaterials/InvalidLightmapSettings.uasset" 261
"../../../Engine/Content/EngineMaterials/M_InvalidLightmapSettings.uasset" 262
"../../../Engine/Content/EngineMaterials/PaperDiffuse.uasset" 263
"../../../Engine/Content/EngineMaterials/PaperNormal.uasset" 264
"../../../Engine/Content/Functions/Engine_MaterialFunctions02/WorldPositionOffset/CameraOffset.uasset" 265
"../../../Engine/Content/EngineMaterials/PhAT_JointLimitMaterial.uasset" 266
"../../../Engine/Content/EngineMaterials/PhysMat_Rubber.uasset" 267
"../../../Engine/Content/EngineMaterials/PreintegratedSkinBRDF.uasset" 268
"../../../Engine/Content/EngineMaterials/RemoveSurfaceMaterial.uasset" 269
"../../../Engine/Content/EngineMaterials/WeightMapPlaceholderTexture.uasset" 270
"../../../Engine/Content/Functions/Engine_MaterialFunctions01/ImageAdjustment/sRGBToLinear.uasset" 271
"../../../Engine/Content/Functions/Engine_MaterialFunctions02/Utility/BreakOutFloat3Components.uasset" 272
"../../../Engine/Content/EngineMaterials/Widget3DCameraPassThrough_Opaque_OneSided.uasset" 273
"../../../Engine/Content/EngineMaterials/Widget3DPassThrough.uasset" 274
"../../../Engine/Content/EngineMaterials/Widget3DPassThrough_Masked.uasset" 275
"../../../Engine/Content/EngineMaterials/Widget3DPassThrough_Opaque.uasset" 276
"../../../Engine/Content/EngineMaterials/Widget3DPassThrough_Masked_OneSided.uasset" 277
"../../../Engine/Content/EngineMaterials/Widget3DPassThrough_Opaque_OneSided.uasset" 278
"../../../Engine/Content/EngineMaterials/Widget3DPassThrough_Translucent.uasset" 279
"../../../Engine/Content/EngineMaterials/Widget3DPassThrough_Translucent_OneSided.uasset" 280
"../../../Engine/Content/EngineMeshes/Cylinder.uasset" 281
"../../../Engine/Content/EngineMeshes/Sphere.uasset" 282
"../../../Engine/Content/EngineResources/Black.uasset" 283
"../../../Engine/Content/EngineResources/DefaultTexture.uasset" 284
"../../../Engine/Content/EngineResources/DefaultTextureCube.uasset" 285
"../../../Engine/Content/EngineResources/DefaultVolumeTexture2D.uasset" 286
"../../../Engine/Content/EngineResources/DefaultVolumeTexture.uasset" 287
"../../../Engine/Content/EngineResources/GradientTexture0.uasset" 288
"../../../Engine/Content/EngineResources/StreamingPauseIcon.uasset" 289
"../../../Engine/Content/EngineResources/M_StreamingPause.uasset" 290
"../../../Engine/Content/EngineSounds/Master.uasset" 291
"../../../Engine/Content/Functions/Engine_MaterialFunctions01/Shading/PowerToRoughness.uasset" 292
"../../../Engine/Content/Maps/Templates/Thumbnails/Default.uasset" 293
"../../../Engine/Content/Maps/Templates/Thumbnails/TimeOfDay.uasset" 294
"../../../Engine/Content/Maps/Templates/Thumbnails/VR-Basic.uasset" 295
"../../../Engine/Content/MapTemplates/Sky/DaylightAmbientCubemap.uasset" 296
"../../../Engine/Content/MobileResources/T_MobileControls_texture.uasset" 297
"../../../Engine/Content/MobileResources/T_MobileMenu2.uasset" 298
"../../../Engine/Content/MobileResources/HUD/AnalogHat.uasset" 299
"../../../Engine/Content/MobileResources/HUD/VirtualJoystick_Background.uasset" 300
"../../../Engine/Content/MobileResources/HUD/VirtualJoystick_Thumb.uasset" 301
"../../../Engine/Content/MobileResources/HUD/DefaultVirtualJoysticks.uasset" 302
"../../../Engine/Content/MobileResources/HUD/LeftVirtualJoystickOnly.uasset" 303
"../../../Engine/Content/MobileResources/HUD/MobileHUDButton1_off.uasset" 304
"../../../Engine/Content/MobileResources/HUD/MobileHUDButton1_on.uasset" 305
"../../../Engine/Content/MobileResources/HUD/MobileHUDButton2_off.uasset" 306
"../../../Engine/Content/MobileResources/HUD/MobileHUDButton2_on.uasset" 307
"../../../Engine/Content/MobileResources/HUD/MobileHUDButton3.uasset" 308
"../../../Engine/Content/MobileResources/HUD/MobileHUDButtonFire.uasset" 309
"../../../Engine/Content/MobileResources/HUD/MobileHUDDirectionPad.uasset" 310
"../../../Engine/Content/MobileResources/HUD/MobileHUDDirectionPad2.uasset" 311
"../../../Engine/Content/MobileResources/HUD/MobileHUDDirectionPad3.uasset" 312
"../../../Engine/Content/MobileResources/HUD/MobileHUDDirectionStick.uasset" 313
"../../../Engine/Content/MobileResources/HUD/T_Castle_ThumbstickInner.uasset" 314
"../../../Engine/Content/MobileResources/HUD/T_Castle_ThumbstickOutter.uasset" 315
"../../../Engine/Content/Tutorial/ContentIntroCurve.uasset" 316
"../../../Engine/Content/Tutorial/Basics/LevelEditorAttract.uasset" 317
"../../../Engine/Content/Tutorial/Basics/TutorialAssets/icon_tab_Levels_40x.uasset" 318
"../../../Engine/Content/Tutorial/Basics/LevelEditorOverview.uasset" 319
"../../../Engine/Content/Tutorial/BlueprintTutorials/TutorialAssets/Blueprint_64x.uasset" 320
"../../../Engine/Content/Tutorial/BlueprintTutorials/BlueprintEditorTutorial.uasset" 321
"../../../Engine/Content/Tutorial/BlueprintTutorials/TutorialAssets/Tutorial_BP_MacroLib.uasset" 322
"../../../Engine/Content/Tutorial/Landscape/TutorialAssets/Landscape.uasset" 323
"../../../Engine/Content/Tutorial/Landscape/LandscapeWalkThrough.uasset" 324
"../../../Engine/Content/Tutorial/Landscape/Landscape_Manage_Mode.uasset" 325
"../../../Engine/Content/Tutorial/Landscape/Landscape_Painting_Mode.uasset" 326
"../../../Engine/Content/Tutorial/Landscape/Landscape_Sculpt_Mode.uasset" 327
"../../../Engine/Content/Tutorial/SubEditors/GettingSubstance.uasset" 328
"../../../Engine/Content/Tutorial/SubEditors/MaterialEditorTutorial.uasset" 329
"../../../Engine/Content/Tutorial/SubEditors/TutorialAssets/TutorialMaterial.uasset" 330
"../../../Engine/Content/VREditor/LaserPointer/VR_LaserPower_01.uasset" 331
"../../../Engine/Content/VREditor/TransformGizmo/TransformGizmoMaterial.uasset" 332
"../../../Engine/Content/VREditor/TransformGizmo/TranslucentTransformGizmoMaterial.uasset" 333
"../../../Engine/Content/VREditor/TransformGizmo/BoundingBoxCorner.uasset" 334
"../../../Engine/Content/VREditor/TransformGizmo/BoundingBoxEdge.uasset" 335
"../../../Engine/Content/VREditor/TransformGizmo/PlaneTranslationHandle.uasset" 336
"../../../Engine/Content/VREditor/TransformGizmo/Main.uasset" 337
"../../../Engine/Content/VREditor/TransformGizmo/Xray.uasset" 338
"../../../Engine/Content/VREditor/TransformGizmo/SM_Sequencer_Key.uasset" 339
"../../../Engine/Content/VREditor/TransformGizmo/SM_Sequencer_Node.uasset" 340
"../../../../unreal/Galaxy/Content/SolarSystemMaterials/PlanetTextures/Neptune/2k_Neptune_color_T.uasset" 341
"../../../../unreal/Galaxy/Content/UI/MenuAssets/OptionsNormal.uasset" 342
"../../../../unreal/Galaxy/Content/UI/MenuAssets/QuitGameNormal.uasset" 343
"../../../../unreal/Galaxy/Content/UI/W_Menu.uasset" 344
"../../../../unreal/Galaxy/Content/Blueprints/BP_MainMenu.uasset" 345
"../../../../unreal/Galaxy/Content/Blueprints/MenuMode.uasset" 346
"../../../Engine/Content/Functions/Engine_MaterialFunctions02/Fresnel_Function.uasset" 347
"../../../../unreal/Galaxy/Content/Materials/Clouds_D.uasset" 348
"../../../../unreal/Galaxy/Content/Materials/EarthDay_D.uasset" 349
"../../../../unreal/Galaxy/Content/Materials/EarthLights_D.uasset" 350
"../../../../unreal/Galaxy/Content/Materials/EarthNight_D.uasset" 351
"../../../../unreal/Galaxy/Content/Materials/VertBlur_M.uasset" 352
"../../../../unreal/Galaxy/Content/Materials/Earth_MAT.uasset" 353
"../../../../unreal/Galaxy/Content/Materials/Earth_MAT_Inst.uasset" 354
"../../../../unreal/Galaxy/Content/Materials/lambert1.uasset" 355
"../../../../unreal/Galaxy/Content/Materials/mesh_Sphere.uasset" 356
"../../../../unreal/Galaxy/Content/Materials/Sun_MAT.uasset" 357
"../../../../unreal/Galaxy/Content/Materials/Sun_MAT_Inst.uasset" 358
"../../../Engine/Content/EngineFonts/Faces/RobotoBold.uasset" 359
"../../../Engine/Content/EngineFonts/Faces/RobotoBoldItalic.uasset" 360
"../../../Engine/Content/EngineFonts/Faces/RobotoItalic.uasset" 361
"../../../Engine/Content/EngineFonts/Faces/RobotoLight.uasset" 362
"../../../Engine/Content/EngineFonts/Faces/RobotoRegular.uasset" 363
"../../../Engine/Content/EngineFonts/Roboto.uasset" 364
"../../../../unreal/Galaxy/Content/ChatSystem/ChatMessageStruct.uasset" 365
"../../../../unreal/Galaxy/Content/ChatSystem/ChatMessage.uasset" 366
"../../../../unreal/Galaxy/Content/ChatSystem/ChatWindow.uasset" 367
"../../../../unreal/Galaxy/Content/ChatSystem/SimpleChat_Comp.uasset" 368
"../../../../unreal/Galaxy/Content/ChatSystem/Chat.uasset" 369
"../../../../unreal/Galaxy/Content/StarterContent/Textures/T_MacroVariation.uasset" 370
"../../../../unreal/Galaxy/Content/StarterContent/Textures/T_Metal_Steel_D.uasset" 371
"../../../../unreal/Galaxy/Content/StarterContent/Textures/T_Metal_Steel_N.uasset" 372
"../../../../unreal/Galaxy/Content/StarterContent/Materials/M_Metal_Steel.uasset" 373
"../../../../unreal/Galaxy/Content/Meshes/UFO.uasset" 374
"../../../../unreal/Galaxy/Content/Blueprints/BP_Spaceship.uasset" 375
"../../../../unreal/Galaxy/Content/Blueprints/SpaceGameMode.uasset" 376
"../../../../unreal/Galaxy/Content/ThirdPersonBP/Blueprints/ThirdPersonGameMode.uasset" 377
"../../../../unreal/Galaxy/Content/UI/W_chatHUD.uasset" 378
"../../../../unreal/Galaxy/Content/UI/W_mainHUD.uasset" 379
"../../../../unreal/Galaxy/Content/StarterContent/Audio/Collapse01.uasset" 380
"../../../../unreal/Galaxy/Content/UI/MenuAssets/1080normal.uasset" 381
"../../../../unreal/Galaxy/Content/UI/MenuAssets/640Normal.uasset" 382
"../../../../unreal/Galaxy/Content/UI/MenuAssets/720Normal.uasset" 383
"../../../../unreal/Galaxy/Content/UI/MenuAssets/jeremy-thomas-4dpAqfTbvKA-unsplash.uasset" 384
"../../../../unreal/Galaxy/Content/UI/MenuAssets/MainMenuNormal.uasset" 385
"../../../../unreal/Galaxy/Content/UI/MenuAssets/StartGameNormal.uasset" 386
"../../../../unreal/Galaxy/Content/UI/W_mainMenu.uasset" 387
"../../../../unreal/Galaxy/Content/UI/MenuAssets/ButtonTemplate.uasset" 388
"../../../../unreal/Galaxy/Content/UI/MenuAssets/TutorialHud.uasset" 389
"../../../../unreal/Galaxy/Content/UI/MenuAssets/TutorialHud_0000_100.uasset" 390
"../../../../unreal/Galaxy/Content/UI/MenuAssets/TutorialHud_0001_Bots-HUD_1__0027_Layer-4-copy.uasset" 391
"../../../../unreal/Galaxy/Content/UI/MenuAssets/TutorialHud_0002_Bots-HUD_1__0027_Layer-4.uasset" 392
"../../../../unreal/Galaxy/Content/UI/MenuAssets/TutorialHud_0003_Bots-HUD_1__0026_Layer-5-copy.uasset" 393
"../../Plugins/2D/Paper2D/Content/PlaceholderTextures/DummySpriteTexture.uasset" 394
"../../Plugins/2D/Paper2D/Content/DummySprite.uasset" 395
"../../Plugins/2D/Paper2D/Content/DefaultPaperTerrainMaterial.uasset" 396
"../../Plugins/2D/Paper2D/Content/DefaultSpriteMaterial.uasset" 397
"../../Plugins/2D/Paper2D/Content/MaskedUnlitSpriteMaterial.uasset" 398
"../../Plugins/2D/Paper2D/Content/OpaqueUnlitSpriteMaterial.uasset" 399
"../../Plugins/Enterprise/DatasmithContent/Content/Blueprints/FBXImporter/FBXImporterUtils.uasset" 400
"../../../Engine/Content/Functions/Engine_MaterialFunctions02/Utility/BreakOutFloat4Components.uasset" 401
"../../Plugins/Runtime/Oculus/OculusVR/Content/Materials/OculusMR_ChromaKey.uasset" 402
"../../Plugins/Runtime/Oculus/OculusVR/Content/Materials/OculusMR_ChromaKey_Lit.uasset" 403
"../../Plugins/Runtime/Oculus/OculusVR/Content/Materials/OculusMR_OpaqueColoredMaterial.uasset" 404
"../../Plugins/Runtime/Oculus/OculusVR/Content/Materials/OculusMR_WhiteMaterial.uasset" 405
"../../../Engine/Content/Maps/Entry_BuiltData.uasset" 406
"../../../Engine/Content/Maps/Entry.umap" 407
"../../../../unreal/Galaxy/Content/SpaceSkyboxes/Materials/M_MasterMaterial.uasset" 408
"../../../../unreal/Galaxy/Content/SpaceSkyboxes/Textures/DDO66/T_DDO66_neg_x.uasset" 409
"../../../../unreal/Galaxy/Content/SpaceSkyboxes/Materials/M_X_neg.uasset" 410
"../../../../unreal/Galaxy/Content/SpaceSkyboxes/Textures/DDO66/T_DDO66_pos_x.uasset" 411
"../../../../unreal/Galaxy/Content/SpaceSkyboxes/Materials/M_X_pos.uasset" 412
"../../../../unreal/Galaxy/Content/SpaceSkyboxes/Textures/DDO66/T_DDO66_neg_y.uasset" 413
"../../../../unreal/Galaxy/Content/SpaceSkyboxes/Materials/M_Y_neg.uasset" 414
"../../../../unreal/Galaxy/Content/SpaceSkyboxes/Textures/DDO66/T_DDO66_pos_y.uasset" 415
"../../../../unreal/Galaxy/Content/SpaceSkyboxes/Materials/M_Y_pos.uasset" 416
"../../../../unreal/Galaxy/Content/SpaceSkyboxes/Textures/DDO66/T_DDO66_neg_z.uasset" 417
"../../../../unreal/Galaxy/Content/SpaceSkyboxes/Materials/M_Z_neg.uasset" 418
"../../../../unreal/Galaxy/Content/SpaceSkyboxes/Textures/DDO66/T_DDO66_pos_z.uasset" 419
"../../../../unreal/Galaxy/Content/SpaceSkyboxes/Materials/M_Z_pos.uasset" 420
"../../../../unreal/Galaxy/Content/SpaceSkyboxes/Meshes/SM_SkyCubeSide.uasset" 421
"../../../../unreal/Galaxy/Content/SpaceSkyboxes/Blueprints/BP_IrregularGalaxy01.uasset" 422
"../../../../unreal/Galaxy/Content/ThirdPersonBP/Maps/ThirdPersonExampleMap_BuiltData.uasset" 423
"../../../../unreal/Galaxy/Content/Geometry/Meshes/CubeMaterial.uasset" 424
"../../../../unreal/Galaxy/Content/Geometry/Meshes/1M_Cube.uasset" 425
"../../../../unreal/Galaxy/Content/Geometry/Meshes/TemplateFloor.uasset" 426
"../../../../unreal/Galaxy/Content/SolarSystemMaterials/PlanetTextures/Earth/4k_Earth_color_T.uasset" 427
"../../../../unreal/Galaxy/Content/SolarSystemMaterials/PlanetTextures/Earth/4k_Earth_lights_T.uasset" 428
"../../../../unreal/Galaxy/Content/SolarSystemMaterials/PlanetTextures/Earth/8k_Earth_cloud_T.uasset" 429
"../../../../unreal/Galaxy/Content/SolarSystemMaterials/PlanetTextures/Earth/8k_earth_light_T.uasset" 430
"../../../../unreal/Galaxy/Content/SolarSystemMaterials/PlanetMaterials/Earth/Earth_M.uasset" 431
"../../../../unreal/Galaxy/Content/SolarSystemMaterials/PlanetMaterials/Earth/Earth_Inst_M.uasset" 432
"../../../../unreal/Galaxy/Content/SolarSystemMaterials/PlanetMeshes/Earth_SM.uasset" 433
"../../../../unreal/Galaxy/Content/SolarSystemMaterials/PlanetTextures/Jupiter/4k_Jupiter_color_T.uasset" 434
"../../../../unreal/Galaxy/Content/SolarSystemMaterials/PlanetMaterials/Jupiter/Jupiter_M.uasset" 435
"../../../../unreal/Galaxy/Content/SolarSystemMaterials/PlanetMaterials/Jupiter/Jupiter_Inst_M.uasset" 436
"../../../../unreal/Galaxy/Content/SolarSystemMaterials/PlanetMeshes/Jupiter_SM.uasset" 437
"../../../../unreal/Galaxy/Content/SolarSystemMaterials/PlanetTextures/Mars/8k_Mars_color_T.uasset" 438
"../../../../unreal/Galaxy/Content/SolarSystemMaterials/PlanetMaterials/Mars/Mars_M.uasset" 439
"../../../../unreal/Galaxy/Content/SolarSystemMaterials/PlanetMaterials/Mars/Mars_Inst_M.uasset" 440
"../../../../unreal/Galaxy/Content/SolarSystemMaterials/PlanetMeshes/Mars_SM.uasset" 441
"../../../../unreal/Galaxy/Content/SolarSystemMaterials/PlanetTextures/Mercury/4k_Mercury2_color_T.uasset" 442
"../../../../unreal/Galaxy/Content/SolarSystemMaterials/PlanetTextures/Mercury/8k_Mercury3_color_T.uasset" 443
"../../../../unreal/Galaxy/Content/SolarSystemMaterials/PlanetMaterials/Mercury/Mercury_M.uasset" 444
"../../../../unreal/Galaxy/Content/SolarSystemMaterials/PlanetMaterials/Mercury/Mercury_Inst_M.uasset" 445
"../../../../unreal/Galaxy/Content/SolarSystemMaterials/PlanetMeshes/Mercury_SM.uasset" 446
"../../../../unreal/Galaxy/Content/SolarSystemMaterials/PlanetTextures/Moon/8k_Moon_color_T.uasset" 447
"../../../../unreal/Galaxy/Content/SolarSystemMaterials/PlanetMaterials/Moon/Moon_M.uasset" 448
"../../../../unreal/Galaxy/Content/SolarSystemMaterials/PlanetMaterials/Moon/Moon_Inst_M.uasset" 449
"../../../../unreal/Galaxy/Content/SolarSystemMaterials/PlanetMeshes/Moon_sM.uasset" 450
"../../../../unreal/Galaxy/Content/SolarSystemMaterials/PlanetMaterials/Neptune/Neptune_M.uasset" 451
"../../../../unreal/Galaxy/Content/SolarSystemMaterials/PlanetMaterials/Neptune/Neptune_Inst_M.uasset" 452
"../../../../unreal/Galaxy/Content/SolarSystemMaterials/PlanetMeshes/Neptune_SM.uasset" 453
"../../../../unreal/Galaxy/Content/SolarSystemMaterials/PlanetTextures/Saturn/4k_Saturn_color_T.uasset" 454
"../../../../unreal/Galaxy/Content/SolarSystemMaterials/PlanetMaterials/Saturn/Saturn_M.uasset" 455
"../../../../unreal/Galaxy/Content/SolarSystemMaterials/PlanetMaterials/Saturn/Saturn_Inst_M.uasset" 456
"../../../../unreal/Galaxy/Content/SolarSystemMaterials/PlanetTextures/Saturn/Saturn_Rings_color_T.uasset" 457
"../../../../unreal/Galaxy/Content/SolarSystemMaterials/PlanetTextures/Saturn/Saturn_RingsTransparency_T.uasset" 458
"../../../../unreal/Galaxy/Content/SolarSystemMaterials/PlanetMaterials/Saturn/SaturnRings_M.uasset" 459
"../../../../unreal/Galaxy/Content/SolarSystemMaterials/PlanetMaterials/Saturn/SaturnRings_Inst_M.uasset" 460
"../../../../unreal/Galaxy/Content/SolarSystemMaterials/PlanetMeshes/Saturn_SM.uasset" 461
"../../../../unreal/Galaxy/Content/SolarSystemMaterials/PlanetTextures/Sun/4k_sun_color_T.uasset" 462
"../../../../unreal/Galaxy/Content/SolarSystemMaterials/PlanetMaterials/Sun/Sun_M.uasset" 463
"../../../../unreal/Galaxy/Content/SolarSystemMaterials/PlanetMaterials/Sun/Sun_Inst_M.uasset" 464
"../../../../unreal/Galaxy/Content/SolarSystemMaterials/PlanetMeshes/Sun_SM.uasset" 465
"../../../../unreal/Galaxy/Content/SolarSystemMaterials/PlanetTextures/Uranus/2k_Uranus_color_T.uasset" 466
"../../../../unreal/Galaxy/Content/SolarSystemMaterials/PlanetMaterials/Uranus/Uranus_M.uasset" 467
"../../../../unreal/Galaxy/Content/SolarSystemMaterials/PlanetMaterials/Uranus/Uranus_Inst_M.uasset" 468
"../../../Engine/Content/Functions/Engine_MaterialFunctions02/Texturing/CustomRotator.uasset" 469
"../../../../unreal/Galaxy/Content/SolarSystemMaterials/PlanetTextures/Uranus/Uranus_Ring_color_T.uasset" 470
"../../../../unreal/Galaxy/Content/SolarSystemMaterials/PlanetTextures/Uranus/Uranus_Ring_transparency_T.uasset" 471
"../../../../unreal/Galaxy/Content/SolarSystemMaterials/PlanetMaterials/Uranus/Uranus_Ring_M.uasset" 472
"../../../../unreal/Galaxy/Content/SolarSystemMaterials/PlanetMaterials/Uranus/Uranus_Ring_Inst_M.uasset" 473
"../../../../unreal/Galaxy/Content/SolarSystemMaterials/PlanetMeshes/Uranus_SM.uasset" 474
"../../../../unreal/Galaxy/Content/SolarSystemMaterials/PlanetTextures/Venus/4k_Venus_atmosphere_color_T.uasset" 475
"../../../../unreal/Galaxy/Content/SolarSystemMaterials/PlanetTextures/Venus/8k_Venus_surface_color_T.uasset" 476
"../../../../unreal/Galaxy/Content/SolarSystemMaterials/PlanetMaterials/Venus/Venus_m.uasset" 477
"../../../../unreal/Galaxy/Content/SolarSystemMaterials/PlanetMaterials/Venus/Venus_Inst_M.uasset" 478
"../../../../unreal/Galaxy/Content/SolarSystemMaterials/PlanetMeshes/Venus_SM.uasset" 479
"../../../../unreal/Galaxy/Content/ThirdPersonBP/Maps/ThirdPersonExampleMap.umap" 480
